{"logTime": "1109/154742", "correlationVector":"oqf2JmPrV0tfu2QV5xr+bz.0","action":"FeedSettingFetch_homeCloud", "result":"0", "context":{}}
{"logTime": "1109/154742", "correlationVector":"WQQwAKbvXe8NlA05lI77e5.1","action":"SyncServerConnectionManagerRequest", "result":"SYNC_SERVER_OK", "context":{"environment":"Prod_EastAsia_000d", "migrationStage":"NotStarted", "server":"GENERAL0100000R"}}
{"logTime": "1109/154742", "correlationVector":"WQQwAKbvXe8NlA05lI77e5","action":"Initial GetUpdates", "result":"", "context":Reason: NEW_CLIENT. cV=WQQwAKbvXe8NlA05lI77e5}
{"logTime": "1109/154742", "correlationVector":"WQQwAKbvXe8NlA05lI77e5.2","action":"GetUpdates Response", "result":"SYNCER_OK", "context":Received 1 update(s). cV=WQQwAKbvXe8NlA05lI77e5.0;server=GENERAL0100000R;cloudType=Consumer;environment=Prod_EastAsia_000d;migrationStage=NotStarted}
{"logTime": "1109/154742", "correlationVector":"YpjENNlvJH6KHrepO/pTAU","action":"Initial GetUpdates", "result":"", "context":Reason: NEW_CLIENT. cV=YpjENNlvJH6KHrepO/pTAU}
{"logTime": "1109/154742", "correlationVector":"YpjENNlvJH6KHrepO/pTAU.1","action":"SyncServerConnectionManagerRequest", "result":"SYNC_SERVER_OK", "context":{"environment":"Prod_EastAsia_000d", "migrationStage":"NotStarted", "server":"GENERAL0100000U"}}
{"logTime": "1109/154742", "correlationVector":"YpjENNlvJH6KHrepO/pTAU.2","action":"GetUpdates Response", "result":"SERVER_MORE_TO_DOWNLOAD", "context":Received 243 update(s).  Some updates remain.}
{"logTime": "1109/154742", "correlationVector":"1hzuPNiPTMCzOGN6kR5LRS","action":"Initial GetUpdates", "result":"", "context":Reason: NEW_CLIENT. cV=1hzuPNiPTMCzOGN6kR5LRS}
{"logTime": "1109/154742", "correlationVector":"1hzuPNiPTMCzOGN6kR5LRS.1","action":"SyncServerConnectionManagerRequest", "result":"SYNC_SERVER_OK", "context":{"environment":"Prod_EastAsia_000d", "migrationStage":"NotStarted", "server":"GENERAL0100000F"}}
{"logTime": "1109/154742", "correlationVector":"1hzuPNiPTMCzOGN6kR5LRS.2","action":"GetUpdates Response", "result":"SYNCER_OK", "context":Received 211 update(s). cV=1hzuPNiPTMCzOGN6kR5LRS.0;server=GENERAL0100000F;cloudType=Consumer;environment=Prod_EastAsia_000d;migrationStage=NotStarted}
{"logTime": "1109/154742", "correlationVector":"dNtIHCRxNRHAjdpFcWqkXU","action":"SyncServerConnectionManagerRequest", "result":"SYNC_SERVER_OK", "context":{"environment":"", "migrationStage":"", "server":""}}
{"logTime": "1109/154742", "correlationVector":"NI+B8PJ6gS4x7QeSD6pnLU","action":"Initial GetUpdates", "result":"", "context":Reason: NEW_CLIENT. cV=NI+B8PJ6gS4x7QeSD6pnLU}
{"logTime": "1109/154743", "correlationVector":"NI+B8PJ6gS4x7QeSD6pnLU.1","action":"SyncServerConnectionManagerRequest", "result":"SYNC_SERVER_OK", "context":{"environment":"Prod_EastAsia_000d", "migrationStage":"NotStarted", "server":"GENERAL0100000U"}}
{"logTime": "1109/154743", "correlationVector":"NI+B8PJ6gS4x7QeSD6pnLU.2","action":"GetUpdates Response", "result":"SYNCER_OK", "context":Received 91 update(s). cV=NI+B8PJ6gS4x7QeSD6pnLU.0;server=GENERAL0100000U;cloudType=Consumer;environment=Prod_EastAsia_000d;migrationStage=NotStarted}
{"logTime": "1109/154744", "correlationVector":"h7FIrYMt9O0D9klEHf6kYX","action":"Initial GetUpdates", "result":"", "context":Reason: NEWLY_SUPPORTED_DATATYPE. cV=h7FIrYMt9O0D9klEHf6kYX}
{"logTime": "1109/154744", "correlationVector":"h7FIrYMt9O0D9klEHf6kYX.1","action":"SyncServerConnectionManagerRequest", "result":"SYNC_SERVER_OK", "context":{"environment":"Prod_EastAsia_000d", "migrationStage":"NotStarted", "server":"GENERAL01000001"}}
{"logTime": "1109/154744", "correlationVector":"h7FIrYMt9O0D9klEHf6kYX.2","action":"GetUpdates Response", "result":"SYNCER_OK", "context":Received 187 update(s). cV=h7FIrYMt9O0D9klEHf6kYX.0;server=GENERAL01000001;cloudType=Consumer;environment=Prod_EastAsia_000d;migrationStage=NotStarted}
{"logTime": "1109/154744", "correlationVector":"8US/n764NvBe09zIX14msx","action":"Normal GetUpdate request", "result":"", "context":cV=8US/n764NvBe09zIX14msx
Nudged types: Bookmarks, Device Info, User Consents
Refresh requested types: Bookmarks, Preferences, Passwords, Autofill Profiles, Autofill, Autofill Custom Data, Extensions, Extension settings, Device Info, User Consents, Send Tab To Self, Web Apps, Collection, Edge E Drop, Edge Hub App Usage, Edge Wallet, Encryption Keys}
{"logTime": "1109/154744", "correlationVector":"8US/n764NvBe09zIX14msx.1","action":"SyncServerConnectionManagerRequest", "result":"SYNC_SERVER_OK", "context":{"environment":"Prod_EastAsia_000d", "migrationStage":"NotStarted", "server":"GENERAL0100000C"}}
{"logTime": "1109/154744", "correlationVector":"8US/n764NvBe09zIX14msx.2","action":"GetUpdates Response", "result":"SYNCER_OK", "context":Received 0 update(s). cV=8US/n764NvBe09zIX14msx.0;server=GENERAL0100000C;cloudType=Consumer;environment=Prod_EastAsia_000d;migrationStage=NotStarted}
{"logTime": "1109/154744", "correlationVector":"a+P8uXE/fruDQ9w1Apl9sp","action":"Commit Request", "result":"", "context":Item count: 1
Contributing types: Device Info}
{"logTime": "1109/154744", "correlationVector":"a+P8uXE/fruDQ9w1Apl9sp.1","action":"SyncServerConnectionManagerRequest", "result":"SYNC_SERVER_OK", "context":{"environment":"Prod_EastAsia_000d", "migrationStage":"NotStarted", "server":"GENERAL0100000T"}}
{"logTime": "1109/154744", "correlationVector":"a+P8uXE/fruDQ9w1Apl9sp.2","action":"Commit Response", "result":"SYNCER_OK", "context":Result: SYNCER_OK. cV=a+P8uXE/fruDQ9w1Apl9sp.0;server=GENERAL0100000T;cloudType=Consumer;environment=Prod_EastAsia_000d;migrationStage=NotStarted}
{"logTime": "1109/154744", "correlationVector":"tkCFJxCDLa3aFcpTWNoBP3","action":"Commit Request", "result":"", "context":Item count: 7
Contributing types: Bookmarks, User Consents}
{"logTime": "1109/154751", "correlationVector":"tkCFJxCDLa3aFcpTWNoBP3.1","action":"SyncServerConnectionManagerRequest", "result":"SYNC_SERVER_OK", "context":{"environment":"Prod_EastAsia_000d", "migrationStage":"NotStarted", "server":"GENERAL0100001H"}}
{"logTime": "1109/154751", "correlationVector":"tkCFJxCDLa3aFcpTWNoBP3.2","action":"Commit Response", "result":"SYNCER_OK", "context":Result: SYNCER_OK. cV=tkCFJxCDLa3aFcpTWNoBP3.0;server=GENERAL0100001H;cloudType=Consumer;environment=Prod_EastAsia_000d;migrationStage=NotStarted}
{"logTime": "1109/154751", "correlationVector":"DZAWiKz7i8UGltmept/BR3","action":"Normal GetUpdate request", "result":"", "context":cV=DZAWiKz7i8UGltmept/BR3
Nudged types: Device Info}
{"logTime": "1109/154751", "correlationVector":"DZAWiKz7i8UGltmept/BR3.1","action":"SyncServerConnectionManagerRequest", "result":"SYNC_SERVER_OK", "context":{"environment":"Prod_EastAsia_000d", "migrationStage":"NotStarted", "server":"GENERAL0100000R"}}
{"logTime": "1109/154751", "correlationVector":"DZAWiKz7i8UGltmept/BR3.2","action":"GetUpdates Response", "result":"SYNCER_OK", "context":Received 6 update(s). cV=DZAWiKz7i8UGltmept/BR3.0;server=GENERAL0100000R;cloudType=Consumer;environment=Prod_EastAsia_000d;migrationStage=NotStarted}
{"logTime": "1109/154753", "correlationVector":"Itw/fT6zq0B8ME8efCEJf1","action":"Normal GetUpdate request", "result":"", "context":cV=Itw/fT6zq0B8ME8efCEJf1
Nudged types: Edge Hub App Usage}
{"logTime": "1109/154755", "correlationVector":"Itw/fT6zq0B8ME8efCEJf1.1","action":"SyncServerConnectionManagerRequest", "result":"SYNC_SERVER_OK", "context":{"environment":"Prod_EastAsia_000d", "migrationStage":"NotStarted", "server":"GENERAL01000013"}}
{"logTime": "1109/154755", "correlationVector":"Itw/fT6zq0B8ME8efCEJf1.2","action":"GetUpdates Response", "result":"SYNCER_OK", "context":Received 0 update(s). cV=Itw/fT6zq0B8ME8efCEJf1.0;server=GENERAL01000013;cloudType=Consumer;environment=Prod_EastAsia_000d;migrationStage=NotStarted}
{"logTime": "1109/154755", "correlationVector":"RApm2o9JA0r+iFaEWl+1Lj","action":"Commit Request", "result":"", "context":Item count: 1
Contributing types: Edge Hub App Usage}
{"logTime": "1109/154756", "correlationVector":"RApm2o9JA0r+iFaEWl+1Lj.1","action":"SyncServerConnectionManagerRequest", "result":"SYNC_SERVER_OK", "context":{"environment":"Prod_EastAsia_000d", "migrationStage":"NotStarted", "server":"GENERAL0100000T"}}
{"logTime": "1109/154757", "correlationVector":"RApm2o9JA0r+iFaEWl+1Lj.2","action":"Commit Response", "result":"SYNCER_OK", "context":Result: SYNCER_OK. cV=RApm2o9JA0r+iFaEWl+1Lj.0;server=GENERAL0100000T;cloudType=Consumer;environment=Prod_EastAsia_000d;migrationStage=NotStarted}
{"logTime": "1109/154758", "correlationVector":"F6Odn7ygQeopNcNPABxtvV","action":"Normal GetUpdate request", "result":"", "context":cV=F6Odn7ygQeopNcNPABxtvV
Nudged types: Edge Hub App Usage}
{"logTime": "1109/154758", "correlationVector":"F6Odn7ygQeopNcNPABxtvV.1","action":"SyncServerConnectionManagerRequest", "result":"SYNC_SERVER_OK", "context":{"environment":"Prod_EastAsia_000d", "migrationStage":"NotStarted", "server":"GENERAL01000019"}}
{"logTime": "1109/154758", "correlationVector":"F6Odn7ygQeopNcNPABxtvV.2","action":"GetUpdates Response", "result":"SYNCER_OK", "context":Received 1 update(s). cV=F6Odn7ygQeopNcNPABxtvV.0;server=GENERAL01000019;cloudType=Consumer;environment=Prod_EastAsia_000d;migrationStage=NotStarted}
